21:09:03| --------------------------------------------------------------------------------
21:09:03| Primes: 1
21:09:03| 9638760730083 is not prime
21:09:03|  
21:09:03| --------------------------------------------------------------------------------
21:09:03| Words: 1
21:09:03| amusement not found
21:09:03|  
21:09:03| --------------------------------------------------------------------------------
21:09:03| Uppercase: 1
21:09:03| inject ==>  uppercase version of INJECT
21:09:03|  
21:09:03| --------------------------------------------------------------------------------
21:09:03| Sums: 1
21:09:03| sum of 424 to 694,818 = 241,385,589,477
21:09:03|  
21:09:03| --------------------------------------------------------------------------------
21:09:03| Names: 1
21:09:03| http://swapi.dev/api/people/2/ has name C-3PO
21:09:03|  
21:09:03| Primes: 1
21:09:03| Words: 1
21:09:03| Uppercase: 1
21:09:03| Sums: 1
21:09:03| Names: 1
21:09:03| Finished processes 5 tasks = 1.91698860
