19:36:18| --------------------------------------------------------------------------------
19:36:18| Primes: 1
19:36:18| 9638760730083 is not prime
19:36:18|  
19:36:18| --------------------------------------------------------------------------------
19:36:18| Words: 1
19:36:18| amusement not found
19:36:18|  
19:36:18| --------------------------------------------------------------------------------
19:36:18| Uppercase: 1
19:36:18| inject ==>  uppercase version of INJECT
19:36:18|  
19:36:18| --------------------------------------------------------------------------------
19:36:18| Sums: 1
19:36:18| sum of 424 to 694,818 = 241,385,589,477
19:36:18|  
19:36:18| --------------------------------------------------------------------------------
19:36:18| Names: 1
19:36:18| http://swapi.dev/api/people/2/ has name C-3PO
19:36:18|  
19:36:18| Primes: 1
19:36:18| Words: 1
19:36:18| Uppercase: 1
19:36:18| Sums: 1
19:36:18| Names: 1
19:36:18| Finished processes 5 tasks = 3.17980810
