17:55:20| ****************************************
17:55:20| Part 1
17:55:20| 
17:55:20| File: verysmall.bmp
17:55:20| Number of drawing commands for = 92
17:55:23| Found path has length          = 17
17:55:23| 
17:55:23| File: verysmall-loops.bmp
17:55:23| Number of drawing commands for = 170
17:55:25| Found path has length          = 0
17:55:25| 
17:55:25| File: small.bmp
17:55:25| Number of drawing commands for = 1090
17:55:25| Found path has length          = 0
17:55:25| 
17:55:25| File: small-loops.bmp
17:55:25| Number of drawing commands for = 1090
17:55:26| Found path has length          = 0
17:55:26| 
17:55:26| File: small-odd.bmp
17:55:26| Number of drawing commands for = 1090
17:55:26| Found path has length          = 0
17:55:26| 
17:55:26| File: small-open.bmp
17:55:26| Number of drawing commands for = 1090
17:55:26| Found path has length          = 0
17:55:26| 
17:55:26| File: large.bmp
17:55:26| Number of drawing commands for = 16642
17:55:27| Found path has length          = 0
17:55:27| 
17:55:27| File: large-loops.bmp
17:55:27| Number of drawing commands for = 16642
17:55:27| Found path has length          = 0
17:55:27| ****************************************
