17:54:54| ****************************************
17:54:54| Part 1
17:54:54| 
17:54:54| File: verysmall.bmp
17:54:54| Number of drawing commands for = 76
17:54:58| Found path has length          = 13
17:54:58| 
17:54:58| File: verysmall-loops.bmp
17:54:58| Number of drawing commands for = 170
17:54:59| Found path has length          = 0
17:54:59| 
17:54:59| File: small.bmp
17:54:59| Number of drawing commands for = 1090
17:55:01| Found path has length          = 0
17:55:01| 
17:55:01| File: small-loops.bmp
17:55:01| Number of drawing commands for = 1090
17:55:02| Found path has length          = 0
17:55:02| 
17:55:02| File: small-odd.bmp
17:55:02| Number of drawing commands for = 1090
17:55:03| Found path has length          = 0
17:55:03| 
17:55:03| File: small-open.bmp
17:55:03| Number of drawing commands for = 1090
17:55:03| Found path has length          = 0
17:55:03| 
17:55:03| File: large.bmp
17:55:03| Number of drawing commands for = 16642
17:55:04| Found path has length          = 0
17:55:04| 
17:55:04| File: large-loops.bmp
17:55:04| Number of drawing commands for = 16642
17:55:04| Found path has length          = 0
17:55:04| ****************************************
