18:00:41| ****************************************
18:00:41| Part 2
18:00:41| 
18:00:41| File: verysmall.bmp
18:00:42| Number of drawing commands = 54
18:00:42| Number of threads created  = 0
18:00:46| 
18:00:46| File: verysmall-loops.bmp
18:00:46| Number of drawing commands = 174
18:00:46| Number of threads created  = 0
18:00:47| 
18:00:47| File: small.bmp
18:00:47| Number of drawing commands = 1094
18:00:47| Number of threads created  = 0
18:00:48| 
18:00:48| File: small-loops.bmp
18:00:48| Number of drawing commands = 1094
18:00:48| Number of threads created  = 0
18:00:49| 
18:00:49| File: small-odd.bmp
18:00:49| Number of drawing commands = 1094
18:00:49| Number of threads created  = 0
18:00:49| 
18:00:49| File: small-open.bmp
18:00:49| Number of drawing commands = 1094
18:00:49| Number of threads created  = 0
18:00:50| 
18:00:50| File: large.bmp
18:00:50| Number of drawing commands = 16646
18:00:50| Number of threads created  = 0
18:00:50| 
18:00:50| File: large-loops.bmp
18:00:50| Number of drawing commands = 16646
18:00:50| Number of threads created  = 0
18:00:51| ****************************************
