18:09:53| ****************************************
18:09:53| Part 2
18:09:53| 
18:09:53| File: verysmall.bmp
18:09:53| Number of drawing commands = 54
18:09:53| Number of threads created  = 0
18:09:55| 
18:09:55| File: verysmall-loops.bmp
18:09:55| Number of drawing commands = 174
18:09:55| Number of threads created  = 0
18:09:56| 
18:09:56| File: small.bmp
18:09:56| Number of drawing commands = 1094
18:09:56| Number of threads created  = 0
18:09:57| 
18:09:57| File: small-loops.bmp
18:09:57| Number of drawing commands = 1094
18:09:57| Number of threads created  = 0
18:09:58| 
18:09:58| File: small-odd.bmp
18:09:58| Number of drawing commands = 1094
18:09:58| Number of threads created  = 0
