16:35:21| ****************************************
16:35:21| Part 2
16:35:21| 
16:35:21| File: verysmall.bmp
16:35:21| Number of drawing commands = 54
16:35:21| Number of threads created  = 0
16:35:24| 
16:35:24| File: verysmall-loops.bmp
16:35:24| Number of drawing commands = 174
16:35:24| Number of threads created  = 0
16:35:26| 
16:35:26| File: small.bmp
16:35:26| Number of drawing commands = 1094
16:35:26| Number of threads created  = 0
16:35:27| 
16:35:27| File: small-loops.bmp
16:35:27| Number of drawing commands = 1094
16:35:27| Number of threads created  = 0
16:35:28| 
16:35:28| File: small-odd.bmp
16:35:28| Number of drawing commands = 1094
16:35:28| Number of threads created  = 0
16:35:32| 
16:35:32| File: small-open.bmp
16:35:32| Number of drawing commands = 1094
16:35:32| Number of threads created  = 0
16:35:33| 
16:35:33| File: large.bmp
16:35:33| Number of drawing commands = 16646
16:35:33| Number of threads created  = 0
16:35:34| 
16:35:34| File: large-loops.bmp
16:35:34| Number of drawing commands = 16646
16:35:34| Number of threads created  = 0
16:35:34| ****************************************
