17:50:53| Starting to retrieve data from swapi.dev
17:51:25| ----------------------------------------
17:51:25| Title   : Revenge of the Sith
17:51:25| Director: George Lucas
17:51:25| Producer: Rick McCallum
17:51:25| Released: 2005-05-19
17:51:25| 
17:51:25| Characters: 34
17:51:25| Adi Gallia, Anakin Skywalker, Ayla Secura, Bail Prestor Organa, Beru Whitesun lars, C-3PO, Chewbacca, Darth Vader, Dooku, Eeth Koth, Grievous, Ki-Adi-Mundi, Kit Fisto, Leia Organa, Luke Skywalker, Luminara Unduli, Mace Windu, Nute Gunray, Obi-Wan Kenobi, Owen Lars, Padmé Amidala, Palpatine, Plo Koon, Poggle the Lesser, R2-D2, R4-P17, Raymus Antilles, Saesee Tiin, Shaak Ti, Sly Moore, Tarfful, Tion Medon, Wilhuff Tarkin, Yoda
17:51:25| 
17:51:25| Planets: 13
17:51:25| Alderaan, Cato Neimoidia, Coruscant, Dagobah, Felucia, Kashyyyk, Mustafar, Mygeeto, Naboo, Polis Massa, Saleucami, Tatooine, Utapau
17:51:25| 
17:51:25| Starships: 12
17:51:25| Banking clan frigte, Belbullab-22 starfighter, CR90 corvette, Droid control ship, Jedi Interceptor, Jedi starfighter, Naboo star skiff, Republic attack cruiser, Theta-class T-2c shuttle, Trade Federation cruiser, V-wing, arc-170
17:51:25| 
17:51:25| Vehicles: 13
17:51:25| AT-RT, AT-TE, Clone turbo tank, Corporate Alliance tank droid, Droid gunship, Droid tri-fighter, Emergency Firespeeder, LAAT/i, Neimoidian shuttle, Oevvaor jet catamaran, Raddaugh Gnasp fluttercraft, Tsmeu-6 personal wheel bike, Vulture Droid
17:51:25| 
17:51:25| Species: 20
17:51:25| Cerean, Chagrian, Clawdite, Droid, Geonosian, Human, Iktotchi, Kaleesh, Kel Dor, Mirialan, Muun, "Pauan", Quermian, Skakoan, Tholothian, Togruta, Toong, "Twilek", Wookie, "Yodas species"
17:51:25| 
17:51:25| Total Time To complete = 32.16802590
17:51:25| There were 2 calls to swapi server
