22:40:54| Marble count                = 1000
22:40:54| settings["creator-delay"]   = 0.01
22:40:54| settings["bag-count"]       = 7
22:40:54| settings["bagger-delay"]    = 0.05
22:40:54| settings["assembler-delay"] = 0.05
22:40:54| settings["wrapper-delay"]   = 0.05
22:40:54| Create the processes
22:40:54| Starting the processes
22:40:54| Waiting for processes to finish
22:41:12| Contents of boxes.txt
22:41:12| Large marble: Sure Shot, marbles: Honeydew, Tuscan Brown, Neon Silver, Platinum, Orange Soda, Pale Taupe, Terra Cotta
22:41:12| Large marble: Spinner, marbles: Pale Cerulean, Pale Goldenrod, Arylide Yellow, Cobalt Blue, Terra Cotta, Ivory, Ivory
22:41:12| Large marble: Sure Shot, marbles: Antique Bronze, Mimi Pink, Middle Green Yellow, Silver Chalice, Lavender Blue, Isabelline, Pastel Blue
22:41:12| Large marble: Winner, marbles: Thulian Pink, Blue-Green, Dark Fuchsia, Brink Pink, Zomp, Emerald, Orange Soda
22:41:12| Large marble: Winner, marbles: Cobalt Blue, Russian Violet, Gold, Platinum, Orange Soda, Candy Pink, "Big Dip Oruby"
22:41:12| Large marble: Sure Shot, marbles: Icterine, Beaver, Stop Red, Mango Tango, Brink Pink, Lumber, Emerald
22:41:12| Large marble: The Boss, marbles: Sage, Ruby, Liver Chestnut, Lavender Purple, Rose Quartz, Vegas Gold, Eerie Black
22:41:12| Large marble: Zeus, marbles: Middle Green, Dark Moss Green, Neon Pink, Platinum, "Big Dip Oruby", Slate Blue, Indigo
22:41:12| Large marble: Hercules, marbles: Neon Silver, Royal Orange, Spanish Pink, Gold, Pastel Blue, Neon Pink, Orange Soda
22:41:12| Large marble: 5-Star, marbles: Outrageous Orange, Lilac Luster, Blue-Green, Golden Yellow, Vegas Gold, Middle Green Yellow, Mulberry
22:41:12| Large marble: The Boss, marbles: Ivory, Lavender Blue, Rose Quartz, Maximum Purple, Royal Red, Russian Violet, Orange Peel
22:41:12| Large marble: Spinner, marbles: Terra Cotta, Dark Fuchsia, Light Orange, Rose Dust, Slate Blue, Venetian Red, Neon Dark Green
22:41:12| Large marble: Sure Shot, marbles: Lilac Luster, Icterine, Fiery Rose, Zomp, Rose Dust, Russian Green, Ruby
22:41:12| Large marble: Lucky, marbles: La Salle Green, Ivory, Russian Violet, Orange Peel, Indigo, Cobalt Blue, Brink Pink
22:41:12| Large marble: The Boss, marbles: Orange Peel, Antique Bronze, Emerald, Neon Silver, Bistre Brown, Silver Pink, "Big Dip Oruby"
22:41:12| Large marble: The Boss, marbles: Neon Dark Green, Middle Green Yellow, Honeydew, Light Orange, Orange Soda, Auburn, Royal Blue
22:41:12| Large marble: The Boss, marbles: Rose Quartz, Spanish Pink, Cotton Candy, Arylide Yellow, Mulberry, Stop Red, Icterine
22:41:12| Large marble: Hercules, marbles: Stop Red, Neon Silver, Pale Plum, Dark Fuchsia, Blue, Pale Cerulean, Light Orchid
22:41:12| Large marble: Lucky, marbles: Emerald, Pale Cerulean, Blue Bell, Antique Bronze, Liver Chestnut, Mimi Pink, Isabelline
22:41:12| Large marble: The Boss, marbles: Duke Blue, Purple Plum, Green, Lilac Luster, Slate Blue, Royal Orange, Spanish Orange
22:41:12| Large marble: Winner, marbles: Pastel Blue, Neon Dark Green, Bistre Brown, Rose Quartz, Venetian Red, Cobalt Blue, Fiery Rose
22:41:12| Large marble: Sure Shot, marbles: Gold, Middle Red Purple, Ivory, Gold, Ruby, Sage, Mango Tango
22:41:12| Large marble: Winner, marbles: Fiery Rose, Golden Yellow, Fiery Rose, Indigo, Pastel Gray, Green, Silver Chalice
22:41:12| Large marble: Lucky, marbles: Icterine, Eerie Black, Bistre Brown, Dark Moss Green, Antique Bronze, Pale Goldenrod, Mode Beige
22:41:12| Large marble: Sure Shot, marbles: Cobalt Blue, Auburn, Gold, Russian Green, Maximum Blue, Royal Red, Candy Pink
22:41:12| Large marble: Apollo, marbles: Emerald, Shandy, Beaver, Lemon Lime, Neon Pink, Candy Pink, Mint Cream
22:41:12| Large marble: 5-Star, marbles: Brink Pink, Russian Green, Spanish Carmine, Brink Pink, Fiery Rose, Antique Brass, Venetian Red
22:41:12| Large marble: Hercules, marbles: Golden Yellow, Middle Green Yellow, Terra Cotta, Arylide Yellow, Bistre Brown, Mulberry, Middle Green
22:41:12| Large marble: Lucky, marbles: Mimi Pink, Silver Chalice, Mimi Pink, Liver Chestnut, Antique Brass, Middle Green, Cotton Candy
22:41:12| Large marble: The Boss, marbles: Purple, Lavender Purple, Honeydew, Sheen Green, Lavender Purple, Maximum Purple, Mint Green
22:41:12| Large marble: Spinner, marbles: Tuscan Brown, Russian Green, Rose Dust, Cotton Candy, Black Coral, Spanish Carmine, Duke Blue
22:41:12| Large marble: Zeus, marbles: Bistre Brown, Outrageous Orange, Mulberry, Pale Plum, Green, La Salle Green, Russian Violet
22:41:12| Large marble: Lucky, marbles: Middle Green Yellow, Lilac Luster, Outrageous Orange, Middle Green, Shandy, Silver Pink, Liver Chestnut
22:41:12| Large marble: Zeus, marbles: Candy Pink, Honeydew, Spanish Carmine, Maximum Purple, Pale Plum, Purple Plum, Mode Beige
22:41:12| Large marble: Lucky, marbles: Royal Orange, Royal Blue, White Smoke, Spanish Orange, Vegas Gold, Vegas Gold, Rose Dust
22:41:12| Large marble: The Boss, marbles: Pale Cerulean, Maximum Violet, Vegas Gold, Duke Blue, White Smoke, Gold, Gold
22:41:12| Large marble: 5-Star, marbles: Auburn, Blue, Black Coral, Spanish Orange, Granny Smith Apple, Slate Blue, Honeydew
22:41:12| Large marble: The Boss, marbles: Icterine, Lilac Luster, Terra Cotta, Gold, Brink Pink, Gold, Dark Moss Green
22:41:12| Large marble: Zeus, marbles: Rose Dust, Mode Beige, Duke Blue, Platinum, Icterine, Pastel Gray, Neon Silver
22:41:12| Large marble: 5-Star, marbles: Outrageous Orange, Lavender Blue, Middle Red Purple, Mimi Pink, Sheen Green, White Smoke, Lemon Lime
22:41:12| Large marble: Winner, marbles: Orange Soda, Gold, Mode Beige, Neon Silver, Neon Silver, Bistre Brown, Green
22:41:12| Large marble: Zeus, marbles: Slate Blue, Shandy, Neon Silver, "Big Dip Oruby", La Salle Green, Maximum Blue, Mint Green
22:41:12| Large marble: Apollo, marbles: Tuscan Brown, Indigo, Pale Goldenrod, Thulian Pink, Mode Beige, Pastel Blue, Lumber
22:41:12| Large marble: Winner, marbles: Ruby, Middle Green Yellow, Isabelline, Candy Pink, Brown, Light Orange, Brown
22:41:12| Large marble: Spinner, marbles: Brink Pink, Black Coral, Stop Red, Auburn, Mode Beige, Mulberry, Bistre Brown
22:41:12| Large marble: Zeus, marbles: Lumber, Cobalt Blue, Pale Taupe, Light Orchid, Black Coral, Outrageous Orange, Russian Violet
22:41:12| Large marble: Sure Shot, marbles: Neon Pink, Granny Smith Apple, Eerie Black, Royal Red, Cotton Candy, Rose Quartz, Safety Yellow
22:41:12| Large marble: Winner, marbles: Mulberry, Ivory, Venetian Red, Orange Soda, Beaver, Black Coral, Ivory
22:41:12| Large marble: Winner, marbles: Mode Beige, Mint Cream, Antique Bronze, Light Orchid, Shandy, Sage, Duke Blue
22:41:12| Large marble: Apollo, marbles: Lavender Blue, Almond, Mango Tango, Duke Blue, Candy Pink, Zomp, Orange Soda
22:41:12| Large marble: Sure Shot, marbles: Royal Blue, Bistre Brown, Purple, Dark Moss Green, Honeydew, Neon Silver, Sage
22:41:12| Large marble: Hercules, marbles: Dark Moss Green, Pale Plum, Russian Violet, Thulian Pink, Mint Green, Auburn, Sage
22:41:12| Large marble: Spinner, marbles: Pale Cerulean, Gold, Brink Pink, Venetian Red, Pale Goldenrod, Isabelline, Granny Smith Apple
22:41:12| Large marble: Lucky, marbles: Lilac Luster, Tuscan Brown, Mulberry, Cotton Candy, Green, Rose Dust, Candy Pink
22:41:12| Large marble: Zeus, marbles: Green, Royal Orange, Tuscan Brown, Liver Chestnut, Granny Smith Apple, Green, Neon Pink
22:41:12| Large marble: Lucky, marbles: Royal Red, Slate Blue, Mimi Pink, Blue, Russian Green, Sage, Neon Dark Green
22:41:12| Large marble: Lucky, marbles: Middle Red Purple, Safety Yellow, Spanish Carmine, Chinese Red, Neon Silver, Lumber, Black Coral
22:41:12| Large marble: The Boss, marbles: Silver Pink, Purple Plum, Antique Bronze, Pale Goldenrod, Indigo, Maximum Blue, Icterine
22:41:12| Large marble: Winner, marbles: Spanish Pink, Shandy, Duke Blue, Bistre Brown, Gold, Antique Bronze, Antique Brass
22:41:12| Large marble: Winner, marbles: Purple Plum, Gold, Auburn, Spanish Carmine, Lavender Blue, Beaver, Almond
22:41:12| Large marble: Sure Shot, marbles: Maximum Purple, Gold, Venetian Red, Silver Pink, Green, Antique Bronze, Black Coral
22:41:12| Large marble: Spinner, marbles: Candy Pink, Purple, Neon Dark Green, Bistre Brown, Maximum Purple, Lavender Purple, Mint Green
22:41:12| Large marble: Spinner, marbles: Black Coral, Isabelline, Silver Pink, Royal Orange, Mint Green, Light Orange, Pale Taupe
22:41:12| Large marble: Sure Shot, marbles: Sheen Green, Safety Yellow, Gold, Slate Blue, Royal Orange, Outrageous Orange, Fiery Rose
22:41:12| Large marble: 5-Star, marbles: Ivory, White Smoke, Maximum Violet, Lumber, Maximum Blue, Thulian Pink, Neon Pink
22:41:12| Large marble: Sure Shot, marbles: Silver Chalice, Ivory, Emerald, Sheen Green, Black Coral, Eerie Black, Cotton Candy
22:41:12| Large marble: Hercules, marbles: Ruby, Maximum Purple, Dark Moss Green, Rose Dust, Sheen Green, Lavender Purple, Royal Red
22:41:12| Large marble: Sure Shot, marbles: Rose Quartz, Middle Green, Venetian Red, Middle Green, Middle Red Purple, Light Orchid, Stop Red
22:41:12| Large marble: Lucky, marbles: Platinum, Maximum Purple, "Big Dip Oruby", Silver Chalice, Neon Silver, Ruby, Orange Peel
22:41:12| Large marble: Spinner, marbles: Lilac Luster, Cotton Candy, Cotton Candy, Antique Brass, Orange Peel, Gold, Honeydew
22:41:12| Large marble: Sure Shot, marbles: Venetian Red, Blue-Green, Pastel Gray, Maximum Blue, Zomp, Light Orange, Orange Soda
22:41:12| Large marble: Winner, marbles: Cobalt Blue, Zomp, Slate Blue, Green, Venetian Red, Lilac Luster, White Smoke
22:41:12| Large marble: The Boss, marbles: "Big Dip Oruby", Icterine, Rose Quartz, Purple Plum, Outrageous Orange, Lavender Purple, Honeydew
22:41:12| Large marble: Apollo, marbles: Mode Beige, La Salle Green, Liver Chestnut, Spanish Carmine, Slate Blue, Lavender Purple, Spanish Orange
22:41:12| Large marble: Hercules, marbles: Maximum Purple, Lemon Lime, Pale Plum, "Big Dip Oruby", Maximum Purple, Terra Cotta, Mulberry
22:41:12| Large marble: Lucky, marbles: Gold, Rose Quartz, Russian Violet, Dark Fuchsia, Spanish Orange, Pastel Blue, Duke Blue
22:41:12| Large marble: Sure Shot, marbles: "Big Dip Oruby", Purple, Orange Peel, Maximum Purple, Royal Blue, Silver Pink, Slate Blue
22:41:12| Large marble: Lucky, marbles: Gold, Indigo, Neon Silver, Sage, Icterine, Bistre Brown, Neon Silver
22:41:12| Large marble: Sure Shot, marbles: Blue, Safety Yellow, Brown, Pastel Blue, Beaver, Duke Blue, Cobalt Blue
22:41:12| Large marble: Sure Shot, marbles: La Salle Green, Blue, Middle Green, Fiery Rose, Spanish Pink, Blue-Green, Almond
22:41:12| Large marble: Lucky, marbles: Icterine, Slate Blue, Rose Dust, Green, Cobalt Blue, Pale Cerulean, Pastel Blue
22:41:12| Large marble: Sure Shot, marbles: Antique Brass, Indigo, Candy Pink, Lemon Lime, Mode Beige, Pale Taupe, Antique Bronze
22:41:12| Large marble: Apollo, marbles: Ivory, Lilac Luster, Indigo, Neon Silver, Silver Pink, Antique Bronze, Pale Taupe
22:41:12| Large marble: Sure Shot, marbles: Spanish Pink, Neon Pink, Pale Goldenrod, Dark Moss Green, Neon Pink, Antique Bronze, Russian Violet
22:41:12| Large marble: Apollo, marbles: Rose Quartz, Royal Blue, Silver Chalice, Cotton Candy, Neon Silver, Neon Silver, Icterine
22:41:12| Large marble: Winner, marbles: Brink Pink, Ruby, Indigo, Pale Cerulean, Spanish Orange, Pale Plum, Indigo
22:41:12| Large marble: 5-Star, marbles: Maximum Violet, Tuscan Brown, Indigo, Royal Red, Pastel Blue, Royal Blue, Orange Peel
22:41:12| Large marble: Spinner, marbles: Purple, Gold, Lemon Lime, Almond, Mint Cream, Stop Red, Royal Orange
22:41:12| Large marble: Lucky, marbles: Mint Cream, Fiery Rose, Auburn, Ivory, Royal Red, Brown, White Smoke
22:41:12| Large marble: 5-Star, marbles: Purple Plum, White Smoke, White Smoke, Royal Red, Pastel Blue, Blue Bell, Antique Bronze
22:41:12| Large marble: Sure Shot, marbles: Middle Red Purple, Antique Brass, Orange Soda, Cotton Candy, Mode Beige, La Salle Green, Rose Quartz
22:41:12| Large marble: Zeus, marbles: Dark Fuchsia, Blue-Green, Rose Dust, Russian Violet, Brink Pink, Maximum Purple, Eerie Black
22:41:12| Large marble: Spinner, marbles: Middle Green, Blue-Green, Zomp, Lavender Purple, Icterine, Pastel Blue, Antique Brass
22:41:12| Large marble: 5-Star, marbles: Granny Smith Apple, Mint Cream, Middle Green Yellow, Vegas Gold, Pale Plum, Light Orchid, Almond
22:41:12| Large marble: The Boss, marbles: Maximum Violet, Maximum Violet, Icterine, Bistre Brown, Candy Pink, Honeydew, Almond
22:41:12| Large marble: Sure Shot, marbles: Platinum, Russian Violet, Maximum Purple, Mimi Pink, Arylide Yellow, Lilac Luster, Venetian Red
22:41:12| Large marble: Winner, marbles: Maximum Blue, Auburn, Pale Cerulean, Venetian Red, Blue, Mango Tango, Lilac Luster
22:41:12| Large marble: Spinner, marbles: Maximum Purple, Gold, "Big Dip Oruby", Thulian Pink, "Big Dip Oruby", Bistre Brown, Eerie Black
22:41:12| Large marble: Lucky, marbles: Isabelline, Purple, Black Coral, Pastel Blue, Icterine, Emerald, Pale Cerulean
22:41:12| Large marble: Winner, marbles: Safety Yellow, Neon Dark Green, Spanish Pink, Middle Red Purple, Spanish Orange, Purple Plum, Blue
22:41:12| Large marble: Hercules, marbles: Maximum Purple, Light Orchid, Russian Green, Pale Taupe, Blue-Green, Auburn, Blue
22:41:12| Large marble: Lucky, marbles: Outrageous Orange, Duke Blue, Mulberry, Royal Blue, Lavender Blue, Royal Orange, Purple
22:41:12| Large marble: Lucky, marbles: Orange Soda, Royal Blue, Auburn, Neon Silver, Middle Green, Mint Cream, Beaver
22:41:12| Large marble: Apollo, marbles: Lilac Luster, Ruby, Orange Soda, Orange Soda, Orange Soda, Royal Orange, Black Coral
22:41:12| Large marble: Sure Shot, marbles: Orange Soda, Middle Green Yellow, Venetian Red, Granny Smith Apple, Fiery Rose, Blue-Green, Sage
22:41:12| Large marble: 5-Star, marbles: Cotton Candy, Honeydew, Safety Yellow, Eerie Black, Mulberry, Terra Cotta, Bistre Brown
22:41:12| Large marble: Hercules, marbles: Spanish Carmine, Pastel Gray, Neon Dark Green, Mimi Pink, Middle Green Yellow, Mode Beige, Vegas Gold
22:41:12| Large marble: The Boss, marbles: Brown, Cobalt Blue, Isabelline, Royal Blue, Sage, Russian Green, Maximum Purple
22:41:12| Large marble: Spinner, marbles: Liver Chestnut, Middle Red Purple, Beaver, Icterine, Pale Goldenrod, Slate Blue, Lavender Blue
22:41:12| Large marble: Sure Shot, marbles: Arylide Yellow, Lavender Blue, Gold, Mulberry, Chinese Red, Orange Soda, Black Coral
22:41:12| Large marble: Hercules, marbles: Brown, Rose Dust, Granny Smith Apple, Ivory, Orange Soda, Cobalt Blue, Zomp
22:41:12| Large marble: Winner, marbles: Mode Beige, Ruby, Spanish Orange, Gold, Fiery Rose, Royal Orange, Black Coral
22:41:12| Large marble: Hercules, marbles: Auburn, Gold, Mango Tango, La Salle Green, Liver Chestnut, Neon Pink, Maximum Purple
22:41:12| Large marble: Hercules, marbles: Lumber, Mimi Pink, Safety Yellow, Chinese Red, Orange Peel, Isabelline, Orange Peel
22:41:12| Large marble: 5-Star, marbles: Russian Violet, Ivory, Lumber, Outrageous Orange, Spanish Orange, Ivory, Purple Plum
22:41:12| Large marble: Apollo, marbles: Indigo, Antique Brass, Blue-Green, Maximum Blue, Brown, Sheen Green, Lumber
22:41:12| Large marble: 5-Star, marbles: Silver Pink, Pale Taupe, Antique Brass, Terra Cotta, Icterine, Eerie Black, Lavender Blue
22:41:12| Large marble: Apollo, marbles: Bistre Brown, Brink Pink, Antique Brass, Rose Dust, Blue, Spanish Orange, Dark Fuchsia
22:41:12| Large marble: Lucky, marbles: Emerald, Almond, Neon Dark Green, Slate Blue, Platinum, Blue, La Salle Green
22:41:12| Large marble: Apollo, marbles: Ruby, Mode Beige, Gold, Isabelline, Auburn, Ivory, Royal Blue
22:41:12| Large marble: Zeus, marbles: Pale Goldenrod, Liver Chestnut, Almond, Lavender Purple, Rose Dust, Silver Chalice, Pale Taupe
22:41:12| Large marble: Apollo, marbles: Stop Red, Chinese Red, Gold, Pale Plum, Emerald, Purple, Slate Blue
22:41:12| Large marble: Apollo, marbles: Antique Brass, Lavender Blue, Slate Blue, Purple Plum, Russian Violet, Pastel Gray, Russian Violet
22:41:12| Large marble: Winner, marbles: Emerald, Mint Cream, Granny Smith Apple, Eerie Black, Candy Pink, Lavender Purple, Russian Green
22:41:12| Large marble: Spinner, marbles: Pale Cerulean, Thulian Pink, "Big Dip Oruby", Ivory, Beaver, Antique Brass, La Salle Green
22:41:12| Large marble: Zeus, marbles: Ruby, Fiery Rose, Lumber, Pastel Gray, Maximum Blue, Lemon Lime, Spanish Pink
22:41:12| Large marble: Winner, marbles: Light Orange, Spanish Orange, Cobalt Blue, Lemon Lime, Platinum, Gold, Blue-Green
22:41:12| Large marble: Lucky, marbles: Mint Green, Platinum, White Smoke, Pale Cerulean, Thulian Pink, Rose Dust, Pale Cerulean
22:41:12| Large marble: 5-Star, marbles: "Big Dip Oruby", Rose Quartz, Liver Chestnut, Vegas Gold, Almond, Pale Cerulean, Orange Peel
22:41:12| Large marble: Lucky, marbles: Honeydew, Isabelline, Almond, Thulian Pink, Arylide Yellow, Ruby, "Big Dip Oruby"
22:41:12| Large marble: Sure Shot, marbles: Silver Pink, Fiery Rose, Blue, Green, Royal Red, Dark Moss Green, Golden Yellow
22:41:12| Large marble: Spinner, marbles: Sheen Green, Royal Red, Silver Chalice, Royal Red, Light Orange, Bistre Brown, Black Coral
22:41:12| Large marble: Zeus, marbles: Cobalt Blue, Mint Cream, Blue Bell, Indigo, Dark Moss Green, Blue Bell, Cotton Candy
22:41:12| Large marble: Zeus, marbles: Candy Pink, Thulian Pink, Mulberry, Royal Orange, Mulberry, Eerie Black, Duke Blue
22:41:12| Large marble: Hercules, marbles: Lemon Lime, Mimi Pink, Black Coral, Rose Quartz, Pale Goldenrod, La Salle Green, Royal Red
22:41:12| Large marble: Hercules, marbles: Honeydew, Green, Venetian Red, Neon Silver, Gold, Mulberry, Bistre Brown
22:41:12| Large marble: 5-Star, marbles: Spanish Pink, Lavender Purple, Blue-Green, Orange Soda, White Smoke, Middle Green, Icterine
22:41:12| Large marble: Sure Shot, marbles: Duke Blue, Lemon Lime, Orange Soda, Russian Green, White Smoke, Spanish Orange, Neon Pink
22:41:12| Large marble: Hercules, marbles: Cobalt Blue, Orange Peel, Pale Cerulean, Outrageous Orange, Middle Green Yellow, Granny Smith Apple, Brink Pink
22:41:12| Large marble: Winner, marbles: Orange Soda, Middle Red Purple, Blue Bell, Maximum Blue, Duke Blue, Pale Plum, Zomp
22:41:12| Large marble: Hercules, marbles: Pastel Gray, Shandy, Granny Smith Apple, Silver Chalice, Brown, Mode Beige, Honeydew
22:41:12| Large marble: Apollo, marbles: Neon Silver, Maximum Purple, Shandy, Brown, Light Orange, Rose Dust, Pastel Blue
22:41:12| Total time to transfer content = 142:  = 18.85800350
